TN:
SF:/Users/yoongeemin/Documents/projects/Fabric/src/server/databases/Client.js
FN:21,(anonymous_0)
FN:35,(anonymous_1)
FN:43,(anonymous_2)
FN:53,(anonymous_3)
FN:55,(anonymous_4)
FN:59,(anonymous_5)
FN:69,(anonymous_6)
FN:72,(anonymous_7)
FNF:8
FNH:6
FNDA:8,(anonymous_0)
FNDA:2,(anonymous_1)
FNDA:2,(anonymous_2)
FNDA:10,(anonymous_3)
FNDA:10,(anonymous_4)
FNDA:8,(anonymous_5)
FNDA:0,(anonymous_6)
FNDA:0,(anonymous_7)
DA:22,8
DA:23,8
DA:24,8
DA:25,8
DA:26,8
DA:27,8
DA:28,8
DA:36,2
DA:44,2
DA:54,10
DA:55,10
DA:56,10
DA:57,10
DA:58,2
DA:59,8
DA:70,0
DA:71,0
DA:72,0
DA:73,0
DA:74,0
LF:20
LH:15
BRDA:53,0,0,2
BRDA:57,1,0,2
BRDA:57,1,1,8
BRDA:71,2,0,0
BRDA:71,2,1,0
BRDA:71,3,0,0
BRDA:71,3,1,0
BRF:7
BRH:3
end_of_record
TN:
SF:/Users/yoongeemin/Documents/projects/Fabric/src/server/databases/MongoClient.js
FN:28,(anonymous_0)
FN:42,(anonymous_1)
FN:44,(anonymous_2)
FN:53,(anonymous_3)
FN:57,(anonymous_4)
FN:69,(anonymous_5)
FN:79,(anonymous_6)
FNF:7
FNH:5
FNDA:4,(anonymous_0)
FNDA:6,(anonymous_1)
FNDA:6,(anonymous_2)
FNDA:0,(anonymous_3)
FNDA:6,(anonymous_4)
FNDA:0,(anonymous_5)
FNDA:1,(anonymous_6)
DA:11,1
DA:14,1
DA:15,1
DA:17,1
DA:35,4
DA:43,6
DA:44,6
DA:45,6
DA:47,6
DA:48,6
DA:54,0
DA:55,0
DA:58,6
DA:59,6
DA:60,6
DA:70,0
DA:80,1
DA:81,0
DA:82,0
DA:84,1
LF:20
LH:15
BRDA:29,0,0,2
BRDA:30,1,0,2
BRDA:31,2,0,2
BRDA:32,3,0,3
BRDA:33,4,0,3
BRDA:45,5,0,0
BRDA:45,5,1,6
BRDA:80,6,0,0
BRDA:80,6,1,1
BRF:9
BRH:7
end_of_record
TN:
SF:/Users/yoongeemin/Documents/projects/Fabric/src/server/databases/RedisClient.js
FN:23,(anonymous_0)
FN:37,(anonymous_1)
FN:39,(anonymous_2)
FN:47,(anonymous_3)
FN:57,(anonymous_4)
FN:68,(anonymous_5)
FN:78,(anonymous_6)
FNF:7
FNH:5
FNDA:4,(anonymous_0)
FNDA:6,(anonymous_1)
FNDA:6,(anonymous_2)
FNDA:6,(anonymous_3)
FNDA:0,(anonymous_4)
FNDA:0,(anonymous_5)
FNDA:1,(anonymous_6)
DA:11,1
DA:12,1
DA:30,4
DA:38,6
DA:39,6
DA:40,6
DA:42,6
DA:48,6
DA:49,6
DA:50,6
DA:51,6
DA:56,6
DA:58,0
DA:59,0
DA:69,0
DA:79,1
DA:80,0
DA:81,0
DA:83,1
LF:19
LH:14
BRDA:24,0,0,2
BRDA:25,1,0,2
BRDA:26,2,0,2
BRDA:27,3,0,3
BRDA:28,4,0,3
BRDA:40,5,0,0
BRDA:40,5,1,6
BRDA:79,6,0,0
BRDA:79,6,1,1
BRF:9
BRH:7
end_of_record
TN:
SF:/Users/yoongeemin/Documents/projects/Fabric/src/server/initialize/koa.js
FN:22,(anonymous_0)
FNF:1
FNH:0
FNDA:0,(anonymous_0)
DA:22,1
DA:23,0
DA:24,0
DA:25,0
DA:26,0
DA:28,0
DA:33,0
DA:34,0
DA:35,0
DA:51,0
LF:10
LH:1
BRDA:51,0,0,0
BRDA:51,0,1,0
BRF:2
BRH:0
end_of_record
TN:
SF:/Users/yoongeemin/Documents/projects/Fabric/src/server/initialize/passport.js
FN:14,(anonymous_0)
FN:15,(anonymous_1)
FN:17,(anonymous_2)
FN:17,(anonymous_3)
FNF:4
FNH:0
FNDA:0,(anonymous_0)
FNDA:0,(anonymous_1)
FNDA:0,(anonymous_2)
FNDA:0,(anonymous_3)
DA:14,1
DA:15,0
DA:17,0
DA:19,0
DA:21,0
DA:22,0
DA:24,0
LF:7
LH:1
BRF:0
BRH:0
end_of_record
TN:
SF:/Users/yoongeemin/Documents/projects/Fabric/src/server/initialize/controllers/app.js
FN:5,(anonymous_0)
FNF:1
FNH:0
FNDA:0,(anonymous_0)
DA:5,1
DA:6,0
DA:12,0
DA:14,0
LF:4
LH:1
BRDA:6,0,0,0
BRDA:6,0,1,0
BRF:2
BRH:0
end_of_record
TN:
SF:/Users/yoongeemin/Documents/projects/Fabric/src/server/initialize/controllers/auth.js
FN:22,(anonymous_0)
FN:23,(anonymous_1)
FN:32,(anonymous_2)
FN:42,(anonymous_3)
FN:78,(anonymous_4)
FN:130,(anonymous_5)
FNF:6
FNH:0
FNDA:0,(anonymous_0)
FNDA:0,(anonymous_1)
FNDA:0,(anonymous_2)
FNDA:0,(anonymous_3)
FNDA:0,(anonymous_4)
FNDA:0,(anonymous_5)
DA:16,1
DA:22,1
DA:23,0
DA:24,0
DA:25,0
DA:26,0
DA:27,0
DA:28,0
DA:32,1
DA:33,0
DA:34,0
DA:35,0
DA:36,0
DA:37,0
DA:38,0
DA:42,1
DA:43,0
DA:44,0
DA:45,0
DA:47,0
DA:54,0
DA:59,0
DA:60,0
DA:61,0
DA:62,0
DA:72,0
DA:74,0
DA:78,1
DA:79,0
DA:81,0
DA:83,0
DA:84,0
DA:85,0
DA:86,0
DA:88,0
DA:130,1
DA:134,0
DA:135,0
DA:136,0
DA:137,0
DA:140,0
DA:145,0
DA:146,0
DA:147,0
DA:148,0
DA:163,0
DA:164,0
DA:166,0
DA:167,0
DA:168,0
DA:169,0
DA:170,0
DA:171,0
LF:53
LH:6
BRDA:24,0,0,0
BRDA:24,0,1,0
BRDA:45,1,0,0
BRDA:45,1,1,0
BRDA:81,2,0,0
BRDA:81,2,1,0
BRDA:85,3,0,0
BRDA:85,3,1,0
BRDA:135,4,0,0
BRDA:135,4,1,0
BRDA:137,5,0,0
BRDA:137,5,1,0
BRDA:164,6,0,0
BRDA:164,6,1,0
BRDA:168,7,0,0
BRDA:168,7,1,0
BRF:16
BRH:0
end_of_record
TN:
SF:/Users/yoongeemin/Documents/projects/Fabric/src/server/initialize/strategy/local.js
FN:12,(anonymous_0)
FN:14,(anonymous_1)
FN:17,(anonymous_2)
FN:32,(anonymous_3)
FNF:4
FNH:0
FNDA:0,(anonymous_0)
FNDA:0,(anonymous_1)
FNDA:0,(anonymous_2)
FNDA:0,(anonymous_3)
DA:7,1
DA:13,0
DA:15,0
DA:16,0
DA:18,0
DA:27,0
DA:32,0
LF:7
LH:1
BRDA:15,0,0,0
BRDA:15,0,1,0
BRDA:18,1,0,0
BRDA:18,1,1,0
BRF:4
BRH:0
end_of_record
TN:
SF:/Users/yoongeemin/Documents/projects/Fabric/src/server/instances/emailTransporter.js
FNF:0
FNH:0
DA:7,1
LF:1
LH:1
BRF:0
BRH:0
end_of_record
TN:
SF:/Users/yoongeemin/Documents/projects/Fabric/src/server/instances/logger.js
FNF:0
FNH:0
DA:3,1
LF:1
LH:1
BRF:0
BRH:0
end_of_record
TN:
SF:/Users/yoongeemin/Documents/projects/Fabric/src/server/lib/constants.js
FNF:0
FNH:0
DA:8,1
DA:9,1
DA:10,1
DA:11,1
DA:16,1
DA:17,1
DA:18,1
DA:23,1
DA:24,1
DA:25,1
DA:26,1
DA:27,1
DA:28,1
DA:29,1
DA:34,1
DA:35,1
DA:36,1
DA:37,1
DA:38,1
DA:39,1
DA:40,1
DA:41,1
DA:46,1
DA:51,1
DA:52,1
DA:53,1
LF:26
LH:26
BRF:0
BRH:0
end_of_record
TN:
SF:/Users/yoongeemin/Documents/projects/Fabric/src/server/lib/crypt.js
FN:21,(anonymous_0)
FN:25,(anonymous_1)
FN:35,(anonymous_2)
FN:48,(anonymous_3)
FN:51,(anonymous_4)
FN:60,(anonymous_5)
FN:72,(anonymous_6)
FN:73,(anonymous_7)
FN:74,(anonymous_8)
FN:86,(anonymous_9)
FN:87,(anonymous_10)
FN:88,(anonymous_11)
FN:100,(anonymous_12)
FN:101,(anonymous_13)
FN:102,(anonymous_14)
FN:113,(anonymous_15)
FN:114,(anonymous_16)
FN:115,(anonymous_17)
FN:126,(anonymous_18)
FN:127,(anonymous_19)
FN:128,(anonymous_20)
FNF:21
FNH:21
FNDA:4,(anonymous_0)
FNDA:4,(anonymous_1)
FNDA:4,(anonymous_2)
FNDA:1,(anonymous_3)
FNDA:1,(anonymous_4)
FNDA:1,(anonymous_5)
FNDA:2,(anonymous_6)
FNDA:2,(anonymous_7)
FNDA:2,(anonymous_8)
FNDA:5,(anonymous_9)
FNDA:5,(anonymous_10)
FNDA:5,(anonymous_11)
FNDA:2,(anonymous_12)
FNDA:2,(anonymous_13)
FNDA:2,(anonymous_14)
FNDA:2,(anonymous_15)
FNDA:2,(anonymous_16)
FNDA:1,(anonymous_17)
FNDA:2,(anonymous_18)
FNDA:2,(anonymous_19)
FNDA:1,(anonymous_20)
DA:21,1
DA:25,4
DA:26,4
DA:36,4
DA:37,2
DA:48,1
DA:51,1
DA:52,1
DA:61,1
DA:62,1
DA:72,1
DA:73,2
DA:74,2
DA:75,2
DA:76,1
DA:86,1
DA:87,5
DA:88,5
DA:89,5
DA:90,3
DA:100,1
DA:101,2
DA:102,2
DA:103,2
DA:104,2
DA:113,1
DA:114,2
DA:115,2
DA:116,1
DA:117,1
DA:126,1
DA:127,2
DA:128,2
DA:129,1
DA:130,1
DA:131,1
DA:132,1
DA:133,1
DA:134,1
DA:135,1
DA:136,1
LF:41
LH:41
BRDA:36,0,0,2
BRDA:36,0,1,2
BRDA:61,1,0,0
BRDA:61,1,1,1
BRDA:75,2,0,1
BRDA:75,2,1,1
BRDA:89,3,0,2
BRDA:89,3,1,3
BRDA:103,4,0,0
BRDA:103,4,1,2
BRDA:116,5,0,0
BRDA:116,5,1,1
BRDA:129,6,0,0
BRDA:129,6,1,1
BRF:14
BRH:10
end_of_record
TN:
SF:/Users/yoongeemin/Documents/projects/Fabric/src/server/lib/errors/ConnectionError.js
FN:11,ConnectionError
FNF:1
FNH:1
FNDA:18,ConnectionError
DA:12,18
DA:18,18
DA:24,18
DA:30,18
DA:36,18
DA:42,18
DA:49,1
LF:7
LH:7
BRF:0
BRH:0
end_of_record
TN:
SF:/Users/yoongeemin/Documents/projects/Fabric/src/server/lib/errors/HttpError.js
FN:10,HttpError
FNF:1
FNH:1
FNDA:1,HttpError
DA:11,1
DA:17,1
DA:23,1
DA:29,1
DA:35,1
DA:42,1
LF:6
LH:6
BRF:0
BRH:0
end_of_record
TN:
SF:/Users/yoongeemin/Documents/projects/Fabric/src/server/lib/errors/index.js
FNF:0
FNH:0
LF:0
LH:0
BRF:0
BRH:0
end_of_record
TN:
SF:/Users/yoongeemin/Documents/projects/Fabric/src/server/lib/transporters/EmailTransporter.js
FN:15,(anonymous_0)
FN:25,(anonymous_1)
FN:38,(anonymous_2)
FN:46,(anonymous_3)
FN:58,(anonymous_4)
FN:73,(anonymous_5)
FN:76,(anonymous_6)
FN:82,(anonymous_7)
FN:102,(anonymous_8)
FNF:9
FNH:1
FNDA:1,(anonymous_0)
FNDA:0,(anonymous_1)
FNDA:0,(anonymous_2)
FNDA:0,(anonymous_3)
FNDA:0,(anonymous_4)
FNDA:0,(anonymous_5)
FNDA:0,(anonymous_6)
FNDA:0,(anonymous_7)
FNDA:0,(anonymous_8)
DA:16,1
DA:17,1
DA:18,1
DA:26,0
DA:45,0
DA:46,0
DA:47,0
DA:49,0
DA:51,0
DA:58,0
DA:59,0
DA:60,0
DA:61,0
DA:74,0
DA:75,0
DA:76,0
DA:77,0
DA:83,0
DA:84,0
DA:85,0
DA:92,0
DA:96,0
DA:103,0
DA:104,0
DA:105,0
DA:107,0
LF:26
LH:3
BRDA:39,0,0,0
BRDA:40,1,0,0
BRDA:41,2,0,0
BRDA:42,3,0,0
BRDA:43,4,0,0
BRDA:49,5,0,0
BRDA:49,5,1,0
BRDA:59,6,0,0
BRDA:59,6,1,0
BRDA:75,7,0,0
BRDA:75,7,1,0
BRDA:83,8,0,0
BRDA:83,8,1,0
BRDA:84,9,0,0
BRDA:84,9,1,0
BRDA:103,10,0,0
BRDA:103,10,1,0
BRF:17
BRH:0
end_of_record
TN:
SF:/Users/yoongeemin/Documents/projects/Fabric/src/server/logger/Logger.js
FN:35,(anonymous_0)
FN:42,(anonymous_1)
FN:43,(anonymous_2)
FNF:3
FNH:3
FNDA:2,(anonymous_0)
FNDA:52,(anonymous_1)
FNDA:26,(anonymous_2)
DA:13,1
DA:36,2
DA:42,52
DA:44,26
DA:45,26
DA:46,26
DA:47,26
DA:53,2
DA:54,1
DA:64,2
LF:10
LH:10
BRDA:35,0,0,1
BRDA:53,1,0,1
BRDA:53,1,1,1
BRF:3
BRH:3
end_of_record
TN:
SF:/Users/yoongeemin/Documents/projects/Fabric/src/server/middlewares/analytics.js
FN:12,(anonymous_0)
FN:13,(anonymous_1)
FN:15,(anonymous_2)
FN:24,(anonymous_3)
FN:25,(anonymous_4)
FNF:5
FNH:0
FNDA:0,(anonymous_0)
FNDA:0,(anonymous_1)
FNDA:0,(anonymous_2)
FNDA:0,(anonymous_3)
FNDA:0,(anonymous_4)
DA:5,1
DA:12,1
DA:13,0
DA:14,0
DA:15,0
DA:16,0
DA:17,0
DA:18,0
DA:21,0
DA:24,1
DA:25,0
DA:26,0
DA:27,0
LF:13
LH:3
BRDA:16,0,0,0
BRDA:16,0,1,0
BRDA:26,1,0,0
BRDA:26,1,1,0
BRF:4
BRH:0
end_of_record
TN:
SF:/Users/yoongeemin/Documents/projects/Fabric/src/server/middlewares/csrf.js
FN:17,(anonymous_0)
FN:26,(anonymous_1)
FN:27,(anonymous_2)
FN:29,(anonymous_3)
FN:45,(anonymous_4)
FN:49,(anonymous_5)
FNF:6
FNH:0
FNDA:0,(anonymous_0)
FNDA:0,(anonymous_1)
FNDA:0,(anonymous_2)
FNDA:0,(anonymous_3)
FNDA:0,(anonymous_4)
FNDA:0,(anonymous_5)
DA:17,1
DA:21,0
DA:22,0
DA:27,0
DA:28,0
DA:30,0
DA:31,0
DA:32,0
DA:33,0
DA:34,0
DA:37,0
DA:49,0
DA:53,0
DA:58,0
DA:60,0
DA:65,0
DA:66,0
DA:67,0
DA:68,0
DA:70,0
DA:75,0
DA:76,0
DA:77,0
DA:79,0
LF:24
LH:1
BRDA:18,0,0,0
BRDA:19,1,0,0
BRDA:30,2,0,0
BRDA:30,2,1,0
BRDA:31,3,0,0
BRDA:31,3,1,0
BRDA:32,4,0,0
BRDA:32,4,1,0
BRDA:46,5,0,0
BRDA:47,6,0,0
BRDA:53,7,0,0
BRDA:53,7,1,0
BRDA:58,8,0,0
BRDA:58,8,1,0
BRDA:60,9,0,0
BRDA:60,9,1,0
BRDA:66,10,0,0
BRDA:66,10,1,0
BRDA:70,11,0,0
BRDA:70,11,1,0
BRDA:76,12,0,0
BRDA:76,12,1,0
BRDA:77,13,0,0
BRDA:77,13,1,0
BRF:24
BRH:0
end_of_record
TN:
SF:/Users/yoongeemin/Documents/projects/Fabric/src/server/middlewares/exception.js
FN:10,(anonymous_0)
FN:10,(anonymous_1)
FNF:2
FNH:0
FNDA:0,(anonymous_0)
FNDA:0,(anonymous_1)
DA:8,1
DA:10,1
DA:11,0
DA:15,0
DA:17,0
DA:18,0
DA:19,0
DA:21,0
DA:22,0
DA:23,0
DA:25,0
DA:26,0
DA:27,0
DA:30,0
DA:31,0
DA:32,0
LF:16
LH:2
BRDA:15,0,0,0
BRDA:15,0,1,0
BRDA:15,0,2,0
BRDA:30,1,0,0
BRDA:30,1,1,0
BRF:5
BRH:0
end_of_record
TN:
SF:/Users/yoongeemin/Documents/projects/Fabric/src/server/middlewares/index.js
FNF:0
FNH:0
LF:0
LH:0
BRF:0
BRH:0
end_of_record
TN:
SF:/Users/yoongeemin/Documents/projects/Fabric/src/server/models/index.js
FNF:0
FNH:0
LF:0
LH:0
BRF:0
BRH:0
end_of_record
TN:
SF:/Users/yoongeemin/Documents/projects/Fabric/src/server/models/user.js
FN:42,(anonymous_0)
FNF:1
FNH:0
FNDA:0,(anonymous_0)
DA:9,1
DA:42,1
DA:44,0
DA:46,0
DA:47,0
DA:48,0
DA:49,0
DA:51,0
DA:54,1
LF:9
LH:3
BRDA:44,0,0,0
BRDA:44,0,1,0
BRF:2
BRH:0
end_of_record
TN:
SF:/Users/yoongeemin/Documents/projects/Fabric/src/server/server/KoaServer.js
FN:24,(anonymous_0)
FN:41,(anonymous_1)
FN:50,(anonymous_2)
FN:52,(anonymous_3)
FN:54,(anonymous_4)
FN:59,(anonymous_5)
FN:66,(anonymous_6)
FN:78,(anonymous_7)
FN:82,(anonymous_8)
FN:84,(anonymous_9)
FN:92,(anonymous_10)
FN:98,(anonymous_11)
FN:102,(anonymous_12)
FN:106,(anonymous_13)
FN:115,(anonymous_14)
FN:116,(anonymous_15)
FNF:16
FNH:15
FNDA:5,(anonymous_0)
FNDA:6,(anonymous_1)
FNDA:9,(anonymous_2)
FNDA:13,(anonymous_3)
FNDA:13,(anonymous_4)
FNDA:1,(anonymous_5)
FNDA:9,(anonymous_6)
FNDA:1,(anonymous_7)
FNDA:1,(anonymous_8)
FNDA:0,(anonymous_9)
FNDA:5,(anonymous_10)
FNDA:1,(anonymous_11)
FNDA:4,(anonymous_12)
FNDA:1,(anonymous_13)
FNDA:5,(anonymous_14)
FNDA:5,(anonymous_15)
DA:12,1
DA:13,1
DA:14,1
DA:30,5
DA:31,5
DA:32,5
DA:33,5
DA:34,5
DA:42,6
DA:51,9
DA:52,13
DA:53,9
DA:55,13
DA:56,8
DA:57,8
DA:58,8
DA:59,1
DA:62,8
DA:64,5
DA:67,9
DA:68,5
DA:69,4
DA:70,4
DA:79,1
DA:80,1
DA:81,1
DA:82,1
DA:83,1
DA:84,1
DA:93,5
DA:95,5
DA:96,5
DA:98,1
DA:101,5
DA:103,4
DA:104,4
DA:107,1
DA:108,1
DA:116,5
DA:117,5
DA:120,5
DA:121,4
DA:122,4
DA:123,4
LF:44
LH:44
BRDA:25,0,0,1
BRDA:26,1,0,2
BRDA:27,2,0,4
BRDA:28,3,0,4
BRDA:42,4,0,6
BRDA:42,4,1,5
BRDA:50,5,0,5
BRDA:55,6,0,8
BRDA:55,6,1,5
BRDA:57,7,0,8
BRDA:57,7,1,0
BRDA:67,8,0,4
BRDA:67,8,1,5
BRDA:68,9,0,1
BRDA:68,9,1,4
BRDA:80,10,0,1
BRDA:80,10,1,0
BRDA:117,11,0,4
BRDA:117,11,1,1
BRDA:120,12,0,4
BRDA:120,12,1,1
BRF:21
BRH:19
end_of_record
